
ROM used:   9978/32768 (30%)
            9978/32768 (30%) including unused fragments

            3.1 Average locations per line
            13.2 Average locations per statement

RAM used:   754/2048 (37%) at main() level
            792/2048 (39%) worst case

Stack used: 6 worst case (4 in main + 2 for interrupts)
Stack size: 31

Lines Stmts  %   Files
----- ----- ---  -----
  412   228  30  main.c
   13     0   0  main.h
  837     0   0  C:\Program Files\PICC\Devices\18F4550.h
 1351   359  48  C:\Program Files\PICC\Drivers\stdlib.h
   32     0   0  C:\Program Files\PICC\Drivers\stddef.h
  423   125  17  C:\Program Files\PICC\Drivers\string.h
   28     0   0  C:\Program Files\PICC\Drivers\ctype.h
   62    22   3  TV_1wire.c
   58    20   3  TV_ds1820.c
----- -----
 3216   754 Total

Page ROM  %  RAM   Vol Diff  Functions:
---- --- --- ---   --- ----  ----------
0     42   0    1             @delay_ms1
0     38   0    1             @delay_us1
0     82   0    1             @PUTCHAR_1_
0      8   0    0             @PUTCHARI_BIU_2
0    290   1   11             @MULFF
0     54   0    2             @ITOF
0    632   3   16             @ADDFF
0    350   2   14             @DIVFF
0     50   0    1    86  1.3  onewire_reset
0     68   0    2   272  4.3  onewire_write
0     72   0    2   281  4.4  onewire_read
0    194   1   13   474  4.3  ds1820_read
0     82   0    2             @SITOF
0     30   0    0    54  1.8  timer1_isr
0     48   0    2   108  3.0  RDA_isr
0    970   5    1   620  4.2  MAIN
0     18   0    0             @const993
0     44   0    2             @PSTRINGC_647
0     14   0    0             @const995
0     54   0    3             @PSTRINGCN_647
0     72   0    5             @FTOSD
0    152   1   13             @DIV3232
0    490   2   13             @PRINTF_L32D_647FPFPF
0     12   0    0             @const1006
0     12   0    0             @const1007
0     22   0    0             @const1008
0     14   0    0   147  2.5  @const1009
0    130   1    0   147  2.5  readSensor
0     60   0    4   910  8.3  @SFTOI
0    810   4    6   910  8.3  readPh
0    124   1   10   129  3.0  @FLT
0    162   1    6   129  3.0  readturb
0   2524  13    6  2657  7.5  readTds
0     34   0    3   114  3.8  erase_buffer_sim
0    300   2    1  1054  1.9  batsim808
0     18   0    0             @const1026
0     20   0    0             @const1027
0      6   0    0             @const1028
0     34   0    2             @PSTRINGC_9600_31766_31767
0     22   0    0             @const1030
0     14   0    0             @const1032
0     10   0    0             @const1033
0     16   0    0             @const1034
0     30   0    0             @const1035
0     14   0    0             @const1036
0     26   0    0  1468  1.9  @const1037
0    650   3    1  1468  1.9  sendData
0     14   0    0             @const1038
0     10   0    0             @const1039
0     14   0    0             @const1040
0     16   0    0             @const1041
0     12   0    0             @const1042
0     12   0    0             @const1043
0    110   1    0             @const1044
0     32   0    1             @SPRINTF
0     40   0    3             @PSTRINGCN_1046
0    428   2   13             @PRINTF_L32D_1046FPFPF
0     52   0    2             @PSTRINGR_647
0     40   0    2             @PSTRINGR_9600_31766_31767
0     16   0    0             @const1055
0     20   0    0             @const1056
0     26   0    0             @const1057
0     16   0    0             @const1058
0     10   0    0             @const1059
0     14   0    0   336  6.5  @const1060
0     20   0    0             @const1071
 Inline         0             @cinit1

Program metrics:
    Functions               19
    Statements              754
    Comments                1073
    Volume (V)              18245
    Difficulty (D)          72.3
    Effort to implement (E) 1318614
    Time to implement (T)   20 hours, 21 minutes
    Est Delivered Bugs (B)  4
    Cyclomatic Complexity   39
    Maintainability (MI)    35

 Segment     Used  Free
-----------  ----  ----
00000-00002     4  0  
00004-00006     0  4  
00008-000A0   154  0  
000A2-07FFE  9820  22786  



